  Using bundled DotNet SDK
  Log file: C:\Users\Pablo\AppData\Local\UnrealBuildTool\Log.txt
  Using 'git status' to determine working set for adaptive non-unity build (D:\Users\Pablo\Documents\Unreal Projects\Call-of-pacacas).
  Waiting for 'git status' command to complete
  Invalidating makefile for PacacasEditor (working set of source files changed)
  Parsing headers for PacacasEditor
    Running UnrealHeaderTool "D:\Users\Pablo\Documents\Unreal Projects\Call-of-pacacas\Pacacas\Pacacas.uproject" "D:\Users\Pablo\Documents\Unreal Projects\Call-of-pacacas\Pacacas\Intermediate\Build\Win64\PacacasEditor\Development\PacacasEditor.uhtmanifest" -LogCmds="loginit warning, logexit warning, logdatabase error" -Unattended -WarningsAsErrors -abslog="C:\Users\Pablo\AppData\Local\UnrealBuildTool\Log_UHT.txt" -installed
  Reflection code generated for PacacasEditor in 42.9041063 seconds
  Building PacacasEditor...
  Using Visual Studio 2022 14.33.31630 toolchain (D:\Program Files\Microsoft Visual Studio\2022\Community\VC\Tools\MSVC\14.33.31629) and Windows 10.0.19041.0 SDK (C:\Program Files (x86)\Windows Kits\10).
  [Adaptive Build] Excluded from Pacacas unity file: PCC_Door.cpp, PCC_Moving_Platform.cpp
  Determining max actions to execute in parallel (4 physical cores, 8 logical cores)
    Executing up to 4 processes, one per physical core
    Requested 1.5 GB free memory per action, 5.4 GB available: limiting max parallel actions to 3
  Building 6 actions with 3 processes...
  [1/6] Compile Pacacas.init.gen.cpp
  [2/6] Compile PCC_Moving_Platform.gen.cpp
  [3/6] Compile PCC_Moving_Platform.cpp
  [4/6] Link UnrealEditor-Pacacas.lib
     Creating library D:\Users\Pablo\Documents\Unreal Projects\Call-of-pacacas\Pacacas\Intermediate\Build\Win64\UnrealEditor\Development\Pacacas\UnrealEditor-Pacacas.lib and object D:\Users\Pablo\Documents\Unreal Projects\Call-of-pacacas\Pacacas\Intermediate\Build\Win64\UnrealEditor\Development\Pacacas\UnrealEditor-Pacacas.exp
  [5/6] Link UnrealEditor-Pacacas.dll
     Creating library D:\Users\Pablo\Documents\Unreal Projects\Call-of-pacacas\Pacacas\Intermediate\Build\Win64\UnrealEditor\Development\Pacacas\UnrealEditor-Pacacas.suppressed.lib and object D:\Users\Pablo\Documents\Unreal Projects\Call-of-pacacas\Pacacas\Intermediate\Build\Win64\UnrealEditor\Development\Pacacas\UnrealEditor-Pacacas.suppressed.exp
  [6/6] WriteMetadata PacacasEditor.target
  Total time in Parallel executor: 182.32 seconds
  Total execution time: 248.53 seconds
